<?xml version="1.0" encoding="UTF-8"?>
<testsuite xmlns:xsi="http://www.w3.org/2001/XMLSchema-instance" xsi:noNamespaceSchemaLocation="https://maven.apache.org/surefire/maven-surefire-plugin/xsd/surefire-test-report-3.0.xsd" version="3.0" name="dev.wsousa.StreamLambdaHandlerTest" time="3.049" tests="2" errors="0" skipped="0" failures="0">
  <properties>
[...]
</properties>
  <testcase name="ping_streamRequest_respondsWithHello" classname="dev.wsousa.StreamLambdaHandlerTest" time="0.163">
    <system-out><![CDATA[17:58:39.127 [main] INFO com.amazonaws.serverless.proxy.internal.LambdaContainerHandler -- Starting Lambda Container Handler
Standard Commons Logging discovery in action with spring-jcl: please remove commons-logging.jar from classpath in order to avoid potential conflicts

  .   ____          _            __ _ _
 /\\ / ___'_ __ _ _(_)_ __  __ _ \ \ \ \
( ( )\___ | '_ | '_| | '_ \/ _` | \ \ \ \
 \\/  ___)| |_)| | | | | || (_| |  ) ) ) )
  '  |____| .__|_| |_|_| |_\__, | / / / /
 =========|_|==============|___/=/_/_/_/
 :: Spring Boot ::                (v3.2.6)

]]></system-out>
  </testcase>
  <testcase name="invalidResource_streamRequest_responds404" classname="dev.wsousa.StreamLambdaHandlerTest" time="0.01">
    <system-out><![CDATA[2024-11-26T17:58:41.839-03:00  WARN 38474 --- [           main] o.s.web.servlet.PageNotFound             : No mapping for GET /pong
2024-11-26T17:58:41.842-03:00  WARN 38474 --- [           main] o.s.web.servlet.PageNotFound             : No endpoint GET /pong.
]]></system-out>
  </testcase>
</testsuite>